SF:C:\Nikiforov\dev\CodeWars\csharp\src\kyu4\SumStringsAsNumbers.cs
FN:8,System.String CodeWars.Kyu4.SumStringsAsNumbers.Kata::sumStrings(System.String,System.String)
FNDA:2,System.String CodeWars.Kyu4.SumStringsAsNumbers.Kata::sumStrings(System.String,System.String)
DA:9,2
DA:10,2
DA:11,2
DA:12,2
DA:13,2
DA:14,2
FN:50,System.Collections.IEnumerator CodeWars.Kyu4.SumStringsAsNumbers.BigNumber::System.Collections.IEnumerable.GetEnumerator()
FNDA:0,System.Collections.IEnumerator CodeWars.Kyu4.SumStringsAsNumbers.BigNumber::System.Collections.IEnumerable.GetEnumerator()
DA:51,0
DA:52,0
DA:53,0
FN:36,System.Char[] CodeWars.Kyu4.SumStringsAsNumbers.BigNumber::<GetEnumerator>g__Reverse|2_2(System.String)
FNDA:4,System.Char[] CodeWars.Kyu4.SumStringsAsNumbers.BigNumber::<GetEnumerator>g__Reverse|2_2(System.String)
DA:37,4
DA:38,4
DA:39,10
DA:40,4
DA:41,4
DA:42,4
DA:43,4
BRDA:38,13,0,1
BRDA:38,13,1,4
FN:43,System.Byte[] CodeWars.Kyu4.SumStringsAsNumbers.BigNumber::<GetEnumerator>g__ToDigit|2_3(System.Char[])
FNDA:4,System.Byte[] CodeWars.Kyu4.SumStringsAsNumbers.BigNumber::<GetEnumerator>g__ToDigit|2_3(System.Char[])
DA:44,4
DA:45,4
DA:46,12
DA:47,4
DA:48,4
BRDA:45,8,0,1
BRDA:45,8,1,4
FN:18,System.Void CodeWars.Kyu4.SumStringsAsNumbers.BigNumber::.ctor(System.String[])
FNDA:4,System.Void CodeWars.Kyu4.SumStringsAsNumbers.BigNumber::.ctor(System.String[])
DA:19,4
DA:20,2
DA:21,2
FN:28,System.Boolean CodeWars.Kyu4.SumStringsAsNumbers.BigNumber/<>c__DisplayClass2_0::<GetEnumerator>b__4(System.Byte[])
FNDA:44,System.Boolean CodeWars.Kyu4.SumStringsAsNumbers.BigNumber/<>c__DisplayClass2_0::<GetEnumerator>b__4(System.Byte[])
DA:29,44
BRDA:29,209,0,2
BRDA:29,209,1,4
BRDA:29,328,1,8
BRDA:29,328,0,4
FN:23,System.Byte[] CodeWars.Kyu4.SumStringsAsNumbers.BigNumber/<>c::<GetEnumerator>b__2_0(System.String)
FNDA:6,System.Byte[] CodeWars.Kyu4.SumStringsAsNumbers.BigNumber/<>c::<GetEnumerator>b__2_0(System.String)
DA:24,6
BRDA:24,53,0,1
BRDA:24,53,1,2
FN:24,System.Int32 CodeWars.Kyu4.SumStringsAsNumbers.BigNumber/<>c::<GetEnumerator>b__2_1(System.Byte[])
FNDA:6,System.Int32 CodeWars.Kyu4.SumStringsAsNumbers.BigNumber/<>c::<GetEnumerator>b__2_1(System.Byte[])
DA:25,6
BRDA:25,106,0,1
BRDA:25,106,1,2
LF:27
LH:24
BRF:12
BRH:12
FNF:8
FNH:7
end_of_record
SF:C:\Nikiforov\dev\CodeWars\csharp\src\kyu4\StringsMix.cs
FN:5,System.String CodeWars.Kyu4.StringsMix.Mixing::Mix(System.String,System.String)
FNDA:6,System.String CodeWars.Kyu4.StringsMix.Mixing::Mix(System.String,System.String)
DA:6,6
DA:7,6
DA:8,6
DA:9,6
DA:10,6
DA:11,6
DA:12,40
DA:13,40
DA:14,40
DA:15,6
DA:16,6
DA:35,6
BRDA:11,48,0,1
BRDA:11,48,1,6
BRDA:11,84,0,1
BRDA:11,84,1,6
BRDA:11,120,0,1
BRDA:11,120,1,6
FN:17,System.Collections.Generic.List`1<CodeWars.Kyu4.StringsMix.Mixing/FrequencyToken> CodeWars.Kyu4.StringsMix.Mixing::<Mix>g__MergeTokenSources|0_3(System.Collections.Generic.List`1<System.Collections.Generic.Dictionary`2<System.Char,CodeWars.Kyu4.StringsMix.Mixing/FrequencyToken>>)
FNDA:6,System.Collections.Generic.List`1<CodeWars.Kyu4.StringsMix.Mixing/FrequencyToken> CodeWars.Kyu4.StringsMix.Mixing::<Mix>g__MergeTokenSources|0_3(System.Collections.Generic.List`1<System.Collections.Generic.Dictionary`2<System.Char,CodeWars.Kyu4.StringsMix.Mixing/FrequencyToken>>)
DA:18,6
DA:19,6
DA:20,18
DA:21,261
DA:22,311
DA:23,258
DA:24,81
DA:25,115
DA:26,95
DA:27,5
DA:28,5
DA:29,34
DA:30,34
DA:31,81
DA:32,6
DA:33,6
BRDA:20,14,0,1
BRDA:20,14,1,6
BRDA:21,236,1,81
BRDA:25,162,0,34
BRDA:26,197,0,5
BRDA:26,197,1,34
BRDA:25,162,1,81
BRDA:21,236,0,6
FN:33,System.String CodeWars.Kyu4.StringsMix.Mixing::<Mix>g__Display|0_4(System.Collections.Generic.List`1<CodeWars.Kyu4.StringsMix.Mixing/FrequencyToken>)
FNDA:6,System.String CodeWars.Kyu4.StringsMix.Mixing::<Mix>g__Display|0_4(System.Collections.Generic.List`1<CodeWars.Kyu4.StringsMix.Mixing/FrequencyToken>)
DA:34,6
FN:43,System.Int32 CodeWars.Kyu4.StringsMix.Mixing/FrequencyToken::get_Count()
FNDA:462,System.Int32 CodeWars.Kyu4.StringsMix.Mixing/FrequencyToken::get_Count()
DA:44,462
FN:44,System.Char CodeWars.Kyu4.StringsMix.Mixing/FrequencyToken::get_Id()
FNDA:223,System.Char CodeWars.Kyu4.StringsMix.Mixing/FrequencyToken::get_Id()
DA:45,223
FN:45,System.Int32 CodeWars.Kyu4.StringsMix.Mixing/FrequencyToken::get_ParentTokenSource()
FNDA:286,System.Int32 CodeWars.Kyu4.StringsMix.Mixing/FrequencyToken::get_ParentTokenSource()
DA:46,286
FN:50,System.Int32 CodeWars.Kyu4.StringsMix.Mixing/FrequencyToken::CompareTo(CodeWars.Kyu4.StringsMix.Mixing/FrequencyToken)
FNDA:40,System.Int32 CodeWars.Kyu4.StringsMix.Mixing/FrequencyToken::CompareTo(CodeWars.Kyu4.StringsMix.Mixing/FrequencyToken)
DA:51,40
DA:52,0
DA:53,0
DA:55,40
DA:56,40
BRDA:52,7,0,0
BRDA:52,7,1,40
FN:57,System.Void CodeWars.Kyu4.StringsMix.Mixing/FrequencyToken::DiscardTokenParent()
FNDA:5,System.Void CodeWars.Kyu4.StringsMix.Mixing/FrequencyToken::DiscardTokenParent()
DA:58,5
DA:59,5
DA:60,5
FN:61,System.Collections.Generic.Dictionary`2<System.Char,CodeWars.Kyu4.StringsMix.Mixing/FrequencyToken> CodeWars.Kyu4.StringsMix.Mixing/FrequencyToken::Parse(System.String,System.Int32)
FNDA:12,System.Collections.Generic.Dictionary`2<System.Char,CodeWars.Kyu4.StringsMix.Mixing/FrequencyToken> CodeWars.Kyu4.StringsMix.Mixing/FrequencyToken::Parse(System.String,System.Int32)
DA:62,12
DA:63,2793
DA:64,12
DA:65,12
DA:66,2394
DA:67,12
BRDA:63,27,0,1
BRDA:63,27,1,12
BRDA:65,98,0,1
BRDA:65,98,1,12
FN:68,System.String CodeWars.Kyu4.StringsMix.Mixing/FrequencyToken::ToString()
FNDA:68,System.String CodeWars.Kyu4.StringsMix.Mixing/FrequencyToken::ToString()
DA:69,68
DA:70,68
DA:71,68
DA:72,68
BRDA:70,12,0,10
BRDA:70,12,1,58
FN:37,System.Void CodeWars.Kyu4.StringsMix.Mixing/FrequencyToken::.ctor(System.Char,System.Int32,System.Int32)
FNDA:242,System.Void CodeWars.Kyu4.StringsMix.Mixing/FrequencyToken::.ctor(System.Char,System.Int32,System.Int32)
DA:38,242
DA:39,121
DA:40,121
DA:41,121
DA:43,121
FN:47,System.Void CodeWars.Kyu4.StringsMix.Mixing/FrequencyToken::.ctor(System.Int32)
FNDA:0,System.Void CodeWars.Kyu4.StringsMix.Mixing/FrequencyToken::.ctor(System.Int32)
DA:48,0
DA:50,0
FN:36,System.Void CodeWars.Kyu4.StringsMix.Mixing/FrequencyToken::.cctor()
FNDA:1,System.Void CodeWars.Kyu4.StringsMix.Mixing/FrequencyToken::.cctor()
DA:37,1
LF:58
LH:54
BRF:22
BRH:21
FNF:13
FNH:12
end_of_record
SF:C:\Nikiforov\dev\CodeWars\csharp\src\kyu4\Snail.cs
FN:7,System.Int32[] CodeWars.Kyu4.Snail.SnailSolution::Snail(System.Int32[][])
FNDA:1,System.Int32[] CodeWars.Kyu4.Snail.SnailSolution::Snail(System.Int32[][])
DA:8,1
DA:9,1
DA:10,1
FN:29,System.Collections.IEnumerator CodeWars.Kyu4.Snail.SnailSolution/SnailScanner::System.Collections.IEnumerable.GetEnumerator()
FNDA:0,System.Collections.IEnumerator CodeWars.Kyu4.Snail.SnailSolution/SnailScanner::System.Collections.IEnumerable.GetEnumerator()
DA:30,0
DA:31,0
DA:32,0
FN:33,System.Boolean CodeWars.Kyu4.Snail.SnailSolution/SnailScanner::TryMakeNextTurn()
FNDA:13,System.Boolean CodeWars.Kyu4.Snail.SnailSolution/SnailScanner::TryMakeNextTurn()
DA:34,13
DA:35,13
DA:36,21
DA:37,8
DA:38,8
DA:39,8
DA:41,9
DA:42,4
DA:44,1
DA:45,13
BRDA:36,68,0,8
BRDA:36,68,1,5
BRDA:41,104,0,4
BRDA:41,104,1,1
FN:46,System.Boolean CodeWars.Kyu4.Snail.SnailSolution/SnailScanner::TryMakeRotation()
FNDA:5,System.Boolean CodeWars.Kyu4.Snail.SnailSolution/SnailScanner::TryMakeRotation()
DA:47,5
DA:48,5
DA:49,5
DA:50,5
DA:51,5
DA:52,9
DA:53,4
DA:54,4
DA:55,4
DA:56,4
DA:58,1
DA:59,5
BRDA:49,33,0,3
BRDA:49,33,1,2
BRDA:52,136,0,4
BRDA:52,136,1,1
FN:12,System.Void CodeWars.Kyu4.Snail.SnailSolution/SnailScanner::.ctor(System.Int32[][])
FNDA:1,System.Void CodeWars.Kyu4.Snail.SnailSolution/SnailScanner::.ctor(System.Int32[][])
DA:13,1
DA:14,1
DA:15,1
DA:16,1
DA:17,1
DA:18,2
DA:19,1
DA:20,1
FN:21,System.Boolean CodeWars.Kyu4.Snail.SnailSolution/SnailScanner/<GetEnumerator>d__7::MoveNext()
FNDA:1,System.Boolean CodeWars.Kyu4.Snail.SnailSolution/SnailScanner/<GetEnumerator>d__7::MoveNext()
DA:22,1
DA:23,1
DA:24,0
DA:25,9
DA:26,9
DA:27,18
DA:28,1
BRDA:22,14,0,0
BRDA:23,51,0,1
BRDA:23,51,1,0
BRDA:23,95,0,0
BRDA:23,95,1,9
BRDA:27,184,1,9
BRDA:22,14,1,9
BRDA:27,184,0,1
FN:62,System.Int32 CodeWars.Kyu4.Snail.SnailSolution/Board::get_Height()
FNDA:21,System.Int32 CodeWars.Kyu4.Snail.SnailSolution/Board::get_Height()
DA:63,21
FN:63,System.Int32 CodeWars.Kyu4.Snail.SnailSolution/Board::get_Width()
FNDA:17,System.Int32 CodeWars.Kyu4.Snail.SnailSolution/Board::get_Width()
DA:64,17
FN:66,System.Int32 CodeWars.Kyu4.Snail.SnailSolution/Board::get_Item(System.Int32,System.Int32)
FNDA:27,System.Int32 CodeWars.Kyu4.Snail.SnailSolution/Board::get_Item(System.Int32,System.Int32)
DA:67,27
FN:83,System.Boolean CodeWars.Kyu4.Snail.SnailSolution/Board::IsValidMove(System.ValueTuple`2<System.Int32,System.Int32>)
FNDA:18,System.Boolean CodeWars.Kyu4.Snail.SnailSolution/Board::IsValidMove(System.ValueTuple`2<System.Int32,System.Int32>)
DA:84,18
DA:85,18
DA:86,18
DA:87,18
BRDA:85,57,0,15
BRDA:85,57,1,3
FN:69,System.Void CodeWars.Kyu4.Snail.SnailSolution/Board::.ctor(System.Int32[][])
FNDA:1,System.Void CodeWars.Kyu4.Snail.SnailSolution/Board::.ctor(System.Int32[][])
DA:70,1
DA:71,1
DA:72,1
DA:73,1
DA:74,1
DA:75,1
DA:78,2
DA:79,1
DA:80,1
DA:81,1
DA:82,1
FN:90,System.Boolean CodeWars.Kyu4.Snail.Utils::IsWithin(System.Int32,System.Int32,System.Int32)
FNDA:33,System.Boolean CodeWars.Kyu4.Snail.Utils::IsWithin(System.Int32,System.Int32,System.Int32)
DA:91,33
DA:92,33
DA:93,33
BRDA:92,3,0,31
BRDA:92,3,1,2
LF:64
LH:60
BRF:20
BRH:17
FNF:12
FNH:11
end_of_record
SF:C:\Nikiforov\dev\CodeWars\csharp\src\kyu5\SortTheOdd.cs
FN:11,System.Int32[] CodeWars.Kyu5.SortTheOdd.Kata::SortArray(System.Int32[])
FNDA:3,System.Int32[] CodeWars.Kyu5.SortTheOdd.Kata::SortArray(System.Int32[])
DA:12,3
DA:13,3
DA:14,3
DA:15,14
DA:16,14
DA:17,3
DA:18,3
DA:19,14
DA:20,9
DA:21,3
DA:23,34
DA:24,11
DA:26,11
DA:27,5
DA:28,5
DA:29,5
DA:30,5
DA:32,6
DA:33,6
DA:34,6
DA:35,3
DA:36,3
BRDA:14,14,0,1
BRDA:14,14,1,3
BRDA:14,50,0,1
BRDA:14,50,1,3
BRDA:18,93,0,1
BRDA:18,93,1,3
BRDA:18,129,0,1
BRDA:18,129,1,3
BRDA:23,276,1,11
BRDA:26,184,0,11
BRDA:26,184,1,0
BRDA:26,209,0,5
BRDA:26,209,1,6
BRDA:23,276,0,3
LF:22
LH:22
BRF:14
BRH:13
FNF:1
FNH:1
end_of_record
SF:C:\Nikiforov\dev\CodeWars\csharp\src\kyu5\MaximumSubArraySum.cs
FN:9,System.Int32 CodeWars.Kyu5.MaximumSubArraySum.Kata::MaxSequence(System.Int32[])
FNDA:2,System.Int32 CodeWars.Kyu5.MaximumSubArraySum.Kata::MaxSequence(System.Int32[])
DA:10,2
DA:11,2
DA:12,2
DA:13,22
DA:14,9
DA:15,108
DA:16,45
DA:17,45
DA:18,45
DA:19,45
DA:20,45
DA:21,45
DA:22,45
DA:23,9
DA:24,2
DA:25,2
BRDA:13,99,1,9
BRDA:15,84,1,45
BRDA:17,39,0,45
BRDA:17,39,1,45
BRDA:15,84,0,9
BRDA:13,99,0,2
FN:35,System.Int32 CodeWars.Kyu5.MaximumSubArraySum.CacheTable::get_Item(System.Int32,System.Int32)
FNDA:0,System.Int32 CodeWars.Kyu5.MaximumSubArraySum.CacheTable::get_Item(System.Int32,System.Int32)
DA:36,0
DA:37,0
DA:38,0
FN:39,System.Void CodeWars.Kyu5.MaximumSubArraySum.CacheTable::set_Item(System.Int32,System.Int32,System.Int32)
FNDA:45,System.Void CodeWars.Kyu5.MaximumSubArraySum.CacheTable::set_Item(System.Int32,System.Int32,System.Int32)
DA:40,45
DA:41,45
DA:42,6
DA:43,6
DA:44,6
DA:45,45
DA:46,45
BRDA:41,12,0,6
BRDA:41,12,1,45
FN:51,System.Int32 CodeWars.Kyu5.MaximumSubArraySum.CacheTable::get_MaxValue()
FNDA:2,System.Int32 CodeWars.Kyu5.MaximumSubArraySum.CacheTable::get_MaxValue()
DA:52,2
DA:53,2
DA:54,2
FN:54,System.Void CodeWars.Kyu5.MaximumSubArraySum.CacheTable::set_MaxValue(System.Int32)
FNDA:0,System.Void CodeWars.Kyu5.MaximumSubArraySum.CacheTable::set_MaxValue(System.Int32)
DA:55,0
FN:62,System.Boolean CodeWars.Kyu5.MaximumSubArraySum.CacheTable::TryGetValue(System.Int32,System.Int32,System.Int32&)
FNDA:90,System.Boolean CodeWars.Kyu5.MaximumSubArraySum.CacheTable::TryGetValue(System.Int32,System.Int32,System.Int32&)
DA:63,90
DA:64,90
DA:65,90
DA:66,90
DA:67,1
DA:68,89
DA:69,34
DA:70,34
DA:71,34
DA:73,55
DA:75,90
BRDA:66,19,0,90
BRDA:66,23,0,90
BRDA:66,27,0,89
BRDA:66,19,1,1
BRDA:66,23,1,1
BRDA:66,27,1,1
BRDA:66,38,0,1
BRDA:66,38,1,89
BRDA:68,62,0,34
BRDA:68,62,1,55
FN:30,System.Void CodeWars.Kyu5.MaximumSubArraySum.CacheTable::.ctor(System.Int32)
FNDA:2,System.Void CodeWars.Kyu5.MaximumSubArraySum.CacheTable::.ctor(System.Int32)
DA:31,2
DA:57,2
DA:58,2
DA:59,2
DA:60,2
LF:46
LH:42
BRF:18
BRH:18
FNF:7
FNH:5
end_of_record
SF:C:\Nikiforov\dev\CodeWars\csharp\src\kyu5\FindTheSmallest.cs
FN:13,System.Int64[] CodeWars.Kyu5.FindTheSmallest.ToSmallest::Smallest(System.Int64)
FNDA:9,System.Int64[] CodeWars.Kyu5.FindTheSmallest.ToSmallest::Smallest(System.Int64)
DA:14,9
DA:15,9
DA:16,9
DA:17,9
DA:18,104
DA:19,9
DA:20,190
DA:21,86
DA:22,86
DA:23,86
DA:24,86
DA:25,86
DA:26,86
DA:27,86
DA:28,86
DA:29,86
DA:30,64
DA:31,64
DA:32,64
DA:33,64
DA:34,64
DA:35,692
DA:36,347
DA:37,347
DA:38,21
DA:39,21
DA:40,21
DA:42,326
DA:43,12
DA:44,12
DA:45,12
DA:47,314
DA:48,8
DA:49,8
DA:50,8
DA:51,314
DA:52,64
DA:53,64
DA:54,64
DA:55,86
DA:56,61
DA:57,61
DA:58,61
DA:59,10
DA:60,10
DA:61,10
DA:63,18
DA:64,10
DA:65,10
DA:66,61
DA:67,86
DA:68,9
DA:69,9
BRDA:16,30,0,1
BRDA:16,30,1,9
BRDA:20,581,1,86
BRDA:29,145,0,25
BRDA:29,145,1,61
BRDA:29,161,0,64
BRDA:35,364,1,347
BRDA:37,244,0,21
BRDA:37,244,1,326
BRDA:42,276,0,12
BRDA:42,276,1,314
BRDA:47,301,0,8
BRDA:47,301,1,314
BRDA:35,339,0,370
BRDA:35,348,0,367
BRDA:35,339,1,11
BRDA:35,348,1,11
BRDA:35,364,0,64
BRDA:52,371,0,20
BRDA:52,371,1,44
BRDA:53,383,0,20
BRDA:53,383,1,44
BRDA:29,161,1,86
BRDA:55,405,0,61
BRDA:58,425,0,52
BRDA:58,432,0,1
BRDA:58,432,1,51
BRDA:58,425,1,9
BRDA:58,457,0,10
BRDA:63,546,1,2
BRDA:63,505,0,4
BRDA:63,505,1,8
BRDA:63,546,0,10
BRDA:58,457,1,61
BRDA:55,405,1,86
BRDA:20,581,0,9
FN:70,System.Int32 CodeWars.Kyu5.FindTheSmallest.ToSmallest::FindMinOnInterval(System.Collections.Generic.List`1<System.Byte>,System.Int32)
FNDA:86,System.Int32 CodeWars.Kyu5.FindTheSmallest.ToSmallest::FindMinOnInterval(System.Collections.Generic.List`1<System.Byte>,System.Int32)
DA:71,86
DA:72,86
DA:73,86
DA:74,1338
DA:75,583
DA:76,583
DA:77,104
DA:78,104
DA:79,104
DA:80,104
DA:81,583
DA:82,86
DA:83,86
BRDA:74,86,1,583
BRDA:76,26,0,131
BRDA:76,26,1,452
BRDA:76,54,0,104
BRDA:76,54,1,583
BRDA:74,86,0,86
FN:84,System.Int32 CodeWars.Kyu5.FindTheSmallest.ToSmallest::FindMaxShiftOnSequence(System.Collections.Generic.List`1<System.Byte>,System.Int32)
FNDA:86,System.Int32 CodeWars.Kyu5.FindTheSmallest.ToSmallest::FindMaxShiftOnSequence(System.Collections.Generic.List`1<System.Byte>,System.Int32)
DA:85,86
DA:86,86
DA:87,86
DA:89,702
DA:90,86
DA:91,86
BRDA:89,50,1,154
BRDA:89,28,0,222
BRDA:89,28,1,18
BRDA:89,50,0,86
FN:92,System.Collections.Generic.List`1<System.Byte> CodeWars.Kyu5.FindTheSmallest.ToSmallest::Transform(System.Collections.Generic.List`1<System.Byte>,System.Int32,System.Int32)
FNDA:128,System.Collections.Generic.List`1<System.Byte> CodeWars.Kyu5.FindTheSmallest.ToSmallest::Transform(System.Collections.Generic.List`1<System.Byte>,System.Int32,System.Int32)
DA:93,128
DA:94,1950
DA:95,128
DA:96,128
DA:97,128
DA:98,128
DA:99,128
BRDA:94,8,0,1
BRDA:94,8,1,128
FN:100,System.Int64 CodeWars.Kyu5.FindTheSmallest.ToSmallest::ToLong(System.Collections.Generic.List`1<System.Byte>)
FNDA:71,System.Int64 CodeWars.Kyu5.FindTheSmallest.ToSmallest::ToLong(System.Collections.Generic.List`1<System.Byte>)
DA:101,71
DA:102,71
DA:103,150
DA:104,71
DA:105,3031
DA:106,963
DA:107,963
DA:108,963
DA:109,71
DA:110,71
BRDA:103,11,0,1
BRDA:103,11,1,71
BRDA:105,114,1,963
BRDA:105,114,0,71
LF:89
LH:89
BRF:52
BRH:52
FNF:5
FNH:5
end_of_record
SF:C:\Nikiforov\dev\CodeWars\csharp\src\kyu5\FactorialDecomposition.cs
FN:11,System.String CodeWars.Kyu5.FactorialDecomposition.FactDecomp::Decomp(System.Int32)
FNDA:5,System.String CodeWars.Kyu5.FactorialDecomposition.FactDecomp::Decomp(System.Int32)
DA:12,5
DA:13,244
DA:14,78
DA:15,78
DA:16,78
DA:17,132
DA:18,54
DA:20,119
DA:21,119
DA:22,134
DA:23,15
DA:24,15
DA:25,134
DA:26,15
DA:27,15
DA:29,104
DA:30,104
DA:31,208
DA:32,33
DA:33,9
DA:34,9
DA:35,24
DA:36,24
DA:37,5
DA:42,5
BRDA:13,206,1,78
BRDA:17,36,0,54
BRDA:17,36,1,119
BRDA:31,150,1,119
BRDA:22,67,0,15
BRDA:22,67,1,119
BRDA:25,105,0,15
BRDA:25,105,1,104
BRDA:29,130,0,104
BRDA:29,130,1,0
BRDA:31,150,0,24
BRDA:32,165,0,9
BRDA:32,165,1,24
BRDA:13,206,0,5
FN:42,System.String CodeWars.Kyu5.FactorialDecomposition.FactDecomp::GenerateResult(System.Int32)
FNDA:5,System.String CodeWars.Kyu5.FactorialDecomposition.FactDecomp::GenerateResult(System.Int32)
DA:43,5
DA:44,5
DA:45,384
DA:46,143
DA:47,176
DA:48,33
DA:49,143
DA:50,110
DA:51,110
DA:52,143
DA:53,5
DA:54,38
DA:60,5
DA:61,5
BRDA:45,25,0,1
BRDA:45,25,1,5
BRDA:45,135,1,143
BRDA:47,85,0,33
BRDA:47,85,1,110
BRDA:45,135,0,5
BRDA:54,169,0,1
BRDA:54,169,1,5
FN:62,System.Int32 CodeWars.Kyu5.FactorialDecomposition.FactDecomp::GCD(System.Int32,System.Int32)
FNDA:119,System.Int32 CodeWars.Kyu5.FactorialDecomposition.FactDecomp::GCD(System.Int32,System.Int32)
DA:63,119
DA:64,773
DA:65,327
DA:66,186
DA:68,141
DA:69,327
DA:70,119
DA:71,119
BRDA:64,37,1,327
BRDA:65,10,0,186
BRDA:65,10,1,141
BRDA:64,26,0,401
BRDA:64,26,1,45
BRDA:64,37,0,119
BRDA:70,40,0,74
BRDA:70,40,1,45
FN:37,System.Int32 CodeWars.Kyu5.FactorialDecomposition.FactDecomp::<Decomp>g__findResidual|1_0(System.Int32,System.Int32,System.Int32&)
FNDA:119,System.Int32 CodeWars.Kyu5.FactorialDecomposition.FactDecomp::<Decomp>g__findResidual|1_0(System.Int32,System.Int32,System.Int32&)
DA:38,119
DA:39,119
DA:40,119
DA:41,119
FN:55,System.String CodeWars.Kyu5.FactorialDecomposition.FactDecomp::<GenerateResult>g__FormatResult|2_1(System.Collections.Generic.KeyValuePair`2<System.Int32,System.Int32>)
FNDA:33,System.String CodeWars.Kyu5.FactorialDecomposition.FactDecomp::<GenerateResult>g__FormatResult|2_1(System.Collections.Generic.KeyValuePair`2<System.Int32,System.Int32>)
DA:56,33
DA:57,33
DA:58,33
DA:59,33
BRDA:56,28,0,14
BRDA:56,28,1,19
FN:8,System.Void CodeWars.Kyu5.FactorialDecomposition.FactDecomp::.cctor()
FNDA:1,System.Void CodeWars.Kyu5.FactorialDecomposition.FactDecomp::.cctor()
DA:9,1
DA:10,1
DA:11,1
LF:58
LH:58
BRF:32
BRH:31
FNF:6
FNH:6
end_of_record
SF:C:\Nikiforov\dev\CodeWars\csharp\src\kyu5\DomainNameValidator.cs
FN:7,System.Boolean CodeWars.Kyu5.DomainNameValidator.DomainNameValidator::validate(System.String)
FNDA:0,System.Boolean CodeWars.Kyu5.DomainNameValidator.DomainNameValidator::validate(System.String)
DA:8,0
DA:9,0
DA:10,0
LF:3
LH:0
BRF:0
BRH:0
FNF:1
FNH:0
end_of_record
SF:C:\Nikiforov\dev\CodeWars\csharp\src\kyu5\BestTravel.cs
FN:14,System.Nullable`1<System.Int32> CodeWars.Kyu5.BestTravel.SumOfK::chooseBestSum(System.Int32,System.Int32,System.Collections.Generic.List`1<System.Int32>)
FNDA:3,System.Nullable`1<System.Int32> CodeWars.Kyu5.BestTravel.SumOfK::chooseBestSum(System.Int32,System.Int32,System.Collections.Generic.List`1<System.Int32>)
DA:15,3
DA:16,3
DA:17,3
DA:18,3
DA:19,32
DA:20,13
DA:21,13
DA:22,222
DA:23,98
DA:24,98
DA:25,98
DA:26,98
DA:27,98
DA:28,98
DA:29,98
DA:30,13
DA:31,13
DA:32,209
DA:33,163
DA:34,13
DA:35,13
DA:37,3
DA:38,58
DA:39,11
DA:40,3
DA:41,3
DA:42,2
DA:43,2
DA:45,1
DA:46,3
BRDA:19,268,1,13
BRDA:22,160,1,98
BRDA:22,160,0,13
BRDA:30,177,0,3
BRDA:30,177,1,13
BRDA:30,214,0,1
BRDA:30,214,1,13
BRDA:19,268,0,3
BRDA:37,297,0,1
BRDA:37,297,1,3
BRDA:41,341,0,2
BRDA:41,341,1,1
FN:49,T1 CodeWars.Kyu5.BestTravel.SumOfK/Pair`2::get_Item1()
FNDA:555,T1 CodeWars.Kyu5.BestTravel.SumOfK/Pair`2::get_Item1()
DA:50,555
FN:50,T2 CodeWars.Kyu5.BestTravel.SumOfK/Pair`2::get_Item2()
FNDA:254,T2 CodeWars.Kyu5.BestTravel.SumOfK/Pair`2::get_Item2()
DA:51,254
LF:32
LH:32
BRF:12
BRH:12
FNF:3
FNH:3
end_of_record
SF:C:\Nikiforov\dev\CodeWars\csharp\src\kyu5\BattleShips.cs
FN:23,System.Collections.Generic.Dictionary`2<System.String,System.Double> CodeWars.Kyu5.BattleShips.Kata::damagedOrSunk(System.Int32[0...,0...],System.Int32[0...,0...])
FNDA:2,System.Collections.Generic.Dictionary`2<System.String,System.Double> CodeWars.Kyu5.BattleShips.Kata::damagedOrSunk(System.Int32[0...,0...],System.Int32[0...,0...])
DA:24,2
DA:25,2
DA:26,2
DA:27,2
DA:28,2
DA:29,2
DA:30,2
DA:31,2
DA:32,22
DA:33,8
DA:34,8
DA:35,4
DA:36,4
DA:37,4
DA:38,4
DA:39,4
DA:40,2
DA:41,2
BRDA:32,228,1,8
BRDA:34,132,1,4
BRDA:34,132,0,8
BRDA:32,228,0,2
FN:43,CodeWars.Kyu5.BattleShips.Kata/Ship[] CodeWars.Kyu5.BattleShips.Kata::FindShips(System.Int32[0...,0...])
FNDA:2,CodeWars.Kyu5.BattleShips.Kata/Ship[] CodeWars.Kyu5.BattleShips.Kata::FindShips(System.Int32[0...,0...])
DA:44,2
DA:45,2
DA:46,2
DA:47,2
DA:48,18
DA:49,7
DA:50,62
DA:51,24
DA:52,24
DA:53,24
DA:54,14
DA:55,10
DA:56,10
DA:57,4
DA:58,4
DA:59,4
DA:60,4
DA:61,4
DA:62,4
DA:63,4
DA:65,4
DA:66,4
DA:68,6
DA:75,6
DA:76,10
DA:77,10
DA:78,7
DA:80,2
DA:81,2
BRDA:48,167,1,7
BRDA:50,152,1,24
BRDA:53,61,1,10
BRDA:56,80,0,4
BRDA:56,80,1,6
BRDA:53,61,0,24
BRDA:50,152,0,7
BRDA:48,167,0,2
FN:11,System.Void CodeWars.Kyu5.BattleShips.Kata::.cctor()
FNDA:1,System.Void CodeWars.Kyu5.BattleShips.Kata::.cctor()
DA:12,1
DA:13,1
DA:14,1
DA:15,1
DA:17,1
DA:18,1
DA:19,1
DA:20,1
DA:21,1
FN:84,System.ValueTuple`2<System.Int32,System.Int32> CodeWars.Kyu5.BattleShips.Kata/Ship::get_BoardSize()
FNDA:19,System.ValueTuple`2<System.Int32,System.Int32> CodeWars.Kyu5.BattleShips.Kata/Ship::get_BoardSize()
DA:85,19
FN:87,System.Collections.Generic.List`1<System.ValueTuple`2<System.Int32,System.Int32>> CodeWars.Kyu5.BattleShips.Kata/Ship::get_Parts()
FNDA:0,System.Collections.Generic.List`1<System.ValueTuple`2<System.Int32,System.Int32>> CodeWars.Kyu5.BattleShips.Kata/Ship::get_Parts()
DA:88,0
FN:89,System.Double CodeWars.Kyu5.BattleShips.Kata/Ship::Score(System.Int32[0...,0...],System.String&)
FNDA:4,System.Double CodeWars.Kyu5.BattleShips.Kata/Ship::Score(System.Int32[0...,0...],System.String&)
DA:90,4
DA:91,4
DA:93,38
DA:94,15
DA:95,15
DA:96,15
DA:102,54
DA:103,7
DA:104,7
DA:105,15
DA:106,4
DA:107,4
DA:108,4
DA:109,4
DA:110,4
BRDA:93,108,1,15
BRDA:102,81,0,17
BRDA:102,81,1,37
BRDA:93,108,0,4
BRDA:106,113,0,1
BRDA:106,113,1,3
BRDA:106,134,0,1
BRDA:106,134,1,2
LF:73
LH:72
BRF:20
BRH:20
FNF:6
FNH:5
end_of_record
SF:C:\Nikiforov\dev\CodeWars\csharp\src\kyu6\SupermarketQueue.cs
FN:12,System.Int64 CodeWars.Kyu6.SupermarketQueue.Kata::QueueTime(System.Int32[],System.Int32)
FNDA:4,System.Int64 CodeWars.Kyu6.SupermarketQueue.Kata::QueueTime(System.Int32[],System.Int32)
DA:13,4
DA:14,4
DA:15,4
DA:17,220
DA:18,104
DA:19,104
DA:20,104
DA:21,104
DA:22,4
DA:23,4
DA:24,4
DA:25,16
DA:26,12
DA:28,27
DA:29,15
DA:31,15
DA:32,15
DA:33,12
DA:34,547
DA:35,12
DA:37,1056
DA:38,510
DA:39,510
DA:41,510
DA:42,500
DA:43,500
DA:44,500
DA:45,510
DA:46,10
DA:47,10
DA:48,510
DA:49,506
DA:50,12
DA:51,4
DA:52,4
BRDA:17,68,1,104
BRDA:17,68,0,4
BRDA:25,414,1,12
BRDA:28,149,1,15
BRDA:28,134,0,20
BRDA:28,134,1,7
BRDA:28,149,0,12
BRDA:33,158,0,1
BRDA:33,158,1,12
BRDA:33,194,0,1
BRDA:33,194,1,12
BRDA:37,333,1,510
BRDA:41,287,0,500
BRDA:41,287,1,10
BRDA:37,333,0,12
BRDA:49,364,0,1
BRDA:49,364,1,12
BRDA:49,394,0,8
BRDA:49,394,1,4
BRDA:25,414,0,4
LF:35
LH:35
BRF:20
BRH:20
FNF:1
FNH:1
end_of_record
SF:C:\Nikiforov\dev\CodeWars\csharp\src\kyu6\ReversePolishNotationCalculator.cs
FN:16,System.Double CodeWars.Kyu6.ReversePolishNotationCalculator.Calc::evaluate(System.String,System.Boolean)
FNDA:8,System.Double CodeWars.Kyu6.ReversePolishNotationCalculator.Calc::evaluate(System.String,System.Boolean)
DA:17,8
DA:19,8
DA:20,8
DA:21,8
DA:22,32
DA:23,24
DA:24,24
DA:25,24
DA:28,8
DA:29,8
DA:30,8
DA:31,8
DA:32,8
DA:33,8
DA:35,15
DA:36,15
DA:37,15
DA:39,24
DA:40,8
DA:41,8
BRDA:19,2,0,8
BRDA:19,2,1,0
BRDA:22,180,1,24
BRDA:25,82,0,9
BRDA:25,89,1,8
BRDA:25,82,1,15
BRDA:25,89,0,24
BRDA:22,180,0,8
FN:43,System.Collections.Generic.Queue`1<CodeWars.Kyu6.ReversePolishNotationCalculator.Calc/Token> CodeWars.Kyu6.ReversePolishNotationCalculator.Calc::FromStringToRPN(System.String)
FNDA:8,System.Collections.Generic.Queue`1<CodeWars.Kyu6.ReversePolishNotationCalculator.Calc/Token> CodeWars.Kyu6.ReversePolishNotationCalculator.Calc::FromStringToRPN(System.String)
DA:44,8
DA:45,8
DA:46,72
DA:47,24
DA:48,24
DA:49,24
DA:50,8
DA:51,8
BRDA:46,45,1,24
BRDA:46,45,0,8
FN:52,System.Collections.Generic.Queue`1<CodeWars.Kyu6.ReversePolishNotationCalculator.Calc/Token> CodeWars.Kyu6.ReversePolishNotationCalculator.Calc::ToRPN(System.String)
FNDA:5,System.Collections.Generic.Queue`1<CodeWars.Kyu6.ReversePolishNotationCalculator.Calc/Token> CodeWars.Kyu6.ReversePolishNotationCalculator.Calc::ToRPN(System.String)
DA:53,5
DA:54,5
DA:55,5
DA:56,11
DA:57,51
DA:58,18
DA:59,18
DA:60,18
DA:63,8
DA:64,8
DA:66,1
DA:67,1
DA:70,5
DA:71,6
DA:72,1
DA:73,1
DA:74,1
DA:78,0
DA:79,0
DA:80,0
DA:81,0
DA:82,0
DA:84,1
DA:85,1
DA:87,1
DA:88,5
DA:89,5
DA:90,4
DA:91,2
DA:92,2
DA:93,2
DA:94,3
DA:95,1
DA:96,1
DA:97,1
DA:98,4
DA:99,2
DA:100,2
DA:101,2
DA:102,2
DA:104,18
DA:105,10
DA:106,5
DA:107,5
DA:108,5
DA:110,5
DA:111,5
BRDA:57,472,1,18
BRDA:60,86,1,8
BRDA:60,86,3,1
BRDA:60,86,2,5
BRDA:71,260,1,1
BRDA:74,183,0,1
BRDA:74,190,1,0
BRDA:74,183,1,0
BRDA:80,216,1,0
BRDA:74,190,0,1
BRDA:80,216,0,1
BRDA:71,237,0,5
BRDA:71,237,1,1
BRDA:71,260,0,5
BRDA:60,86,4,4
BRDA:90,296,1,2
BRDA:90,296,0,2
BRDA:94,396,1,1
BRDA:93,334,1,3
BRDA:94,361,0,3
BRDA:94,361,1,0
BRDA:98,461,1,2
BRDA:94,396,0,4
BRDA:98,426,0,3
BRDA:98,426,1,1
BRDA:60,86,0,18
BRDA:93,334,0,18
BRDA:98,461,0,18
BRDA:57,472,0,5
BRDA:105,519,1,5
BRDA:105,519,0,5
FN:225,CodeWars.Kyu6.ReversePolishNotationCalculator.Calc/Token CodeWars.Kyu6.ReversePolishNotationCalculator.Calc::CreateTokenFactoryMethod(System.String)
FNDA:42,CodeWars.Kyu6.ReversePolishNotationCalculator.Calc/Token CodeWars.Kyu6.ReversePolishNotationCalculator.Calc::CreateTokenFactoryMethod(System.String)
DA:226,42
DA:227,42
DA:228,0
DA:229,0
DA:231,42
DA:232,42
DA:233,42
DA:234,42
DA:235,42
DA:236,42
DA:237,42
BRDA:227,7,0,42
BRDA:227,7,1,0
BRDA:227,25,0,0
BRDA:227,25,1,42
BRDA:231,83,0,29
BRDA:231,83,1,13
FN:238,System.Boolean CodeWars.Kyu6.ReversePolishNotationCalculator.Calc::IsInGrammar(System.String,CodeWars.Kyu6.ReversePolishNotationCalculator.Calc/TermType&)
FNDA:135,System.Boolean CodeWars.Kyu6.ReversePolishNotationCalculator.Calc::IsInGrammar(System.String,CodeWars.Kyu6.ReversePolishNotationCalculator.Calc/TermType&)
DA:239,135
DA:240,135
DA:241,135
DA:244,198
DA:245,63
DA:246,63
DA:247,63
DA:248,72
DA:249,26
DA:250,26
DA:251,26
DA:252,46
DA:253,8
DA:254,8
DA:255,8
DA:256,106
DA:257,8
DA:258,8
DA:259,8
DA:261,135
DA:262,135
BRDA:241,44,1,135
BRDA:244,67,0,63
BRDA:244,96,1,63
BRDA:244,67,1,72
BRDA:244,96,0,72
BRDA:248,127,1,26
BRDA:248,127,0,46
BRDA:252,171,1,8
BRDA:252,171,0,38
BRDA:256,212,1,8
BRDA:241,44,0,135
BRDA:256,212,0,135
FN:264,System.Boolean CodeWars.Kyu6.ReversePolishNotationCalculator.Calc::IsDouble(System.String,System.Double&)
FNDA:150,System.Boolean CodeWars.Kyu6.ReversePolishNotationCalculator.Calc::IsDouble(System.String,System.Double&)
DA:265,150
DA:266,150
DA:267,150
DA:268,150
DA:269,150
DA:270,150
DA:271,150
DA:272,150
DA:273,150
DA:274,150
DA:275,150
BRDA:270,15,0,148
BRDA:270,15,1,2
FN:118,CodeWars.Kyu6.ReversePolishNotationCalculator.Calc/TermType CodeWars.Kyu6.ReversePolishNotationCalculator.Calc/Token::get_TermType()
FNDA:85,CodeWars.Kyu6.ReversePolishNotationCalculator.Calc/TermType CodeWars.Kyu6.ReversePolishNotationCalculator.Calc/Token::get_TermType()
DA:119,85
FN:119,System.String CodeWars.Kyu6.ReversePolishNotationCalculator.Calc/Token::get_Value()
FNDA:91,System.String CodeWars.Kyu6.ReversePolishNotationCalculator.Calc/Token::get_Value()
DA:120,91
FN:120,System.Int32 CodeWars.Kyu6.ReversePolishNotationCalculator.Calc/Token::get_Priority()
FNDA:0,System.Int32 CodeWars.Kyu6.ReversePolishNotationCalculator.Calc/Token::get_Priority()
DA:121,0
FN:132,System.Collections.Generic.IEnumerator`1<CodeWars.Kyu6.ReversePolishNotationCalculator.Calc/Token> CodeWars.Kyu6.ReversePolishNotationCalculator.Calc/TokenReader::GetEnumerator()
FNDA:13,System.Collections.Generic.IEnumerator`1<CodeWars.Kyu6.ReversePolishNotationCalculator.Calc/Token> CodeWars.Kyu6.ReversePolishNotationCalculator.Calc/TokenReader::GetEnumerator()
DA:133,13
DA:134,13
DA:135,13
FN:137,System.Collections.IEnumerator CodeWars.Kyu6.ReversePolishNotationCalculator.Calc/TokenReader::GetEnumerator1()
FNDA:0,System.Collections.IEnumerator CodeWars.Kyu6.ReversePolishNotationCalculator.Calc/TokenReader::GetEnumerator1()
DA:138,0
DA:139,0
DA:140,0
FN:142,System.Collections.IEnumerator CodeWars.Kyu6.ReversePolishNotationCalculator.Calc/TokenReader::System.Collections.IEnumerable.GetEnumerator()
FNDA:0,System.Collections.IEnumerator CodeWars.Kyu6.ReversePolishNotationCalculator.Calc/TokenReader::System.Collections.IEnumerable.GetEnumerator()
DA:143,0
DA:144,0
DA:145,0
FN:127,System.Void CodeWars.Kyu6.ReversePolishNotationCalculator.Calc/TokenReader::.ctor(System.String)
FNDA:13,System.Void CodeWars.Kyu6.ReversePolishNotationCalculator.Calc/TokenReader::.ctor(System.String)
DA:128,13
DA:129,13
DA:130,13
DA:131,13
FN:152,CodeWars.Kyu6.ReversePolishNotationCalculator.Calc/Token CodeWars.Kyu6.ReversePolishNotationCalculator.Calc/TokenReaderEnumerator::get_Current()
FNDA:42,CodeWars.Kyu6.ReversePolishNotationCalculator.Calc/Token CodeWars.Kyu6.ReversePolishNotationCalculator.Calc/TokenReaderEnumerator::get_Current()
DA:153,42
FN:153,System.Object CodeWars.Kyu6.ReversePolishNotationCalculator.Calc/TokenReaderEnumerator::get_Current1()
FNDA:0,System.Object CodeWars.Kyu6.ReversePolishNotationCalculator.Calc/TokenReaderEnumerator::get_Current1()
DA:154,0
FN:154,System.Object CodeWars.Kyu6.ReversePolishNotationCalculator.Calc/TokenReaderEnumerator::System.Collections.IEnumerator.get_Current()
FNDA:0,System.Object CodeWars.Kyu6.ReversePolishNotationCalculator.Calc/TokenReaderEnumerator::System.Collections.IEnumerator.get_Current()
DA:155,0
FN:162,System.Void CodeWars.Kyu6.ReversePolishNotationCalculator.Calc/TokenReaderEnumerator::Dispose()
FNDA:13,System.Void CodeWars.Kyu6.ReversePolishNotationCalculator.Calc/TokenReaderEnumerator::Dispose()
DA:163,13
DA:164,13
FN:166,System.Boolean CodeWars.Kyu6.ReversePolishNotationCalculator.Calc/TokenReaderEnumerator::MoveNext()
FNDA:55,System.Boolean CodeWars.Kyu6.ReversePolishNotationCalculator.Calc/TokenReaderEnumerator::MoveNext()
DA:167,55
DA:168,55
DA:169,13
DA:170,13
DA:172,42
DA:173,42
DA:174,168
DA:175,93
DA:176,93
DA:177,93
DA:178,93
DA:179,30
DA:180,30
DA:181,30
DA:183,63
DA:184,42
DA:185,42
DA:186,42
DA:187,55
BRDA:168,24,0,13
BRDA:168,24,1,42
BRDA:174,148,1,93
BRDA:178,104,0,30
BRDA:178,104,1,63
BRDA:174,148,0,42
FN:189,System.Void CodeWars.Kyu6.ReversePolishNotationCalculator.Calc/TokenReaderEnumerator::Reset()
FNDA:0,System.Void CodeWars.Kyu6.ReversePolishNotationCalculator.Calc/TokenReaderEnumerator::Reset()
DA:190,0
DA:191,0
DA:192,0
FN:156,System.Void CodeWars.Kyu6.ReversePolishNotationCalculator.Calc/TokenReaderEnumerator::.ctor(System.String)
FNDA:13,System.Void CodeWars.Kyu6.ReversePolishNotationCalculator.Calc/TokenReaderEnumerator::.ctor(System.String)
DA:157,13
DA:158,13
DA:159,13
DA:160,13
FN:196,System.Collections.Generic.Dictionary`2<System.String,System.Func`3<System.Double,System.Double,System.Double>> CodeWars.Kyu6.ReversePolishNotationCalculator.Calc/GrammarCatalog::get_BinaryOperators()
FNDA:144,System.Collections.Generic.Dictionary`2<System.String,System.Func`3<System.Double,System.Double,System.Double>> CodeWars.Kyu6.ReversePolishNotationCalculator.Calc/GrammarCatalog::get_BinaryOperators()
DA:197,144
FN:204,System.Collections.Generic.Dictionary`2<System.String,System.Func`2<System.Double,System.Double>> CodeWars.Kyu6.ReversePolishNotationCalculator.Calc/GrammarCatalog::get_UnaryFunctions()
FNDA:0,System.Collections.Generic.Dictionary`2<System.String,System.Func`2<System.Double,System.Double>> CodeWars.Kyu6.ReversePolishNotationCalculator.Calc/GrammarCatalog::get_UnaryFunctions()
DA:205,0
FN:209,System.Collections.Generic.Dictionary`2<System.String,System.Int32> CodeWars.Kyu6.ReversePolishNotationCalculator.Calc/GrammarCatalog::get_PriorityOfOperations()
FNDA:56,System.Collections.Generic.Dictionary`2<System.String,System.Int32> CodeWars.Kyu6.ReversePolishNotationCalculator.Calc/GrammarCatalog::get_PriorityOfOperations()
DA:210,56
FN:217,System.Collections.Generic.HashSet`1<System.String> CodeWars.Kyu6.ReversePolishNotationCalculator.Calc/GrammarCatalog::get_Grammar()
FNDA:39,System.Collections.Generic.HashSet`1<System.String> CodeWars.Kyu6.ReversePolishNotationCalculator.Calc/GrammarCatalog::get_Grammar()
DA:218,39
FN:197,System.Void CodeWars.Kyu6.ReversePolishNotationCalculator.Calc/GrammarCatalog::.cctor()
FNDA:1,System.Void CodeWars.Kyu6.ReversePolishNotationCalculator.Calc/GrammarCatalog::.cctor()
DA:198,1
DA:199,4
DA:200,3
DA:201,3
DA:202,2
DA:203,1
DA:206,1
DA:207,0
DA:208,0
DA:209,1
DA:211,1
DA:212,1
DA:213,1
DA:214,1
DA:215,1
DA:216,1
DA:219,1
DA:220,1
DA:221,1
LF:188
LH:166
BRF:67
BRH:60
FNF:25
FNH:18
end_of_record
SF:C:\Nikiforov\dev\CodeWars\csharp\src\kyu6\LongestPalindrome.cs
FN:12,System.Int32 CodeWars.Kyu6.LongestPalindrome.Kata::GetLongestPalindrome(System.String)
FNDA:8,System.Int32 CodeWars.Kyu6.LongestPalindrome.Kata::GetLongestPalindrome(System.String)
DA:13,8
DA:14,8
DA:16,8
DA:17,8
DA:19,66
DA:20,25
DA:21,25
DA:22,25
DA:23,25
DA:25,54
DA:26,19
DA:27,19
DA:28,4
DA:29,4
DA:30,4
DA:31,4
DA:32,4
DA:33,19
DA:35,44
DA:36,14
DA:37,116
DA:38,58
DA:39,58
DA:40,14
DA:41,14
DA:43,44
DA:44,7
DA:45,7
DA:46,7
DA:47,7
DA:48,7
DA:49,44
DA:50,14
DA:51,8
DA:52,8
BRDA:14,2,0,1
BRDA:14,2,1,7
BRDA:17,24,0,2
BRDA:17,24,1,6
BRDA:19,71,1,25
BRDA:19,71,0,8
BRDA:25,152,1,19
BRDA:27,103,0,4
BRDA:27,103,1,19
BRDA:25,152,0,8
BRDA:35,303,1,14
BRDA:37,285,1,58
BRDA:39,183,0,14
BRDA:39,183,1,44
BRDA:43,202,0,17
BRDA:43,202,1,27
BRDA:43,232,0,7
BRDA:43,232,1,44
BRDA:37,285,0,14
BRDA:35,303,0,8
LF:35
LH:35
BRF:20
BRH:20
FNF:1
FNH:1
end_of_record
SF:C:\Nikiforov\dev\CodeWars\csharp\src\kyu6\FindTheParityOutlier.cs
FN:10,System.Int32 CodeWars.Kyu6.FindTheParityOutlier.Kata::Find(System.Int32[])
FNDA:3,System.Int32 CodeWars.Kyu6.FindTheParityOutlier.Kata::Find(System.Int32[])
DA:11,3
DA:12,3
DA:13,11
DA:14,11
DA:15,24
DA:16,11
DA:17,3
DA:18,3
BRDA:13,12,0,3
BRDA:13,12,1,8
FN:6,System.Void CodeWars.Kyu6.FindTheParityOutlier.Kata::.cctor()
FNDA:1,System.Void CodeWars.Kyu6.FindTheParityOutlier.Kata::.cctor()
DA:7,1
DA:8,46
DA:9,31
DA:10,1
LF:12
LH:12
BRF:2
BRH:2
FNF:2
FNH:2
end_of_record
SF:C:\Nikiforov\dev\CodeWars\csharp\src\kyu6\DeleteOccurrencesNTimes.cs
FN:13,System.Int32[] CodeWars.Kyu6.DeleteOccurrencesNTimes.Kata::DeleteNth(System.Int32[],System.Int32)
FNDA:2,System.Int32[] CodeWars.Kyu6.DeleteOccurrencesNTimes.Kata::DeleteNth(System.Int32[],System.Int32)
DA:14,2
DA:15,2
DA:16,2
DA:17,15
DA:18,15
DA:19,8
DA:20,8
DA:21,8
DA:22,2
DA:23,9
DA:24,9
DA:25,9
DA:26,15
DA:27,15
DA:28,15
DA:29,2
BRDA:18,15,0,6
BRDA:18,15,1,7
LF:16
LH:16
BRF:2
BRH:2
FNF:1
FNH:1
end_of_record
SF:C:\Nikiforov\dev\CodeWars\csharp\src\kyu6\BuildTower.cs
FN:11,System.String[] CodeWars.Kyu6.BuildTower.Kata::TowerBuilder(System.Int32)
FNDA:3,System.String[] CodeWars.Kyu6.BuildTower.Kata::TowerBuilder(System.Int32)
DA:12,3
DA:13,3
DA:14,3
DA:15,3
DA:16,3
DA:17,18
DA:18,6
DA:19,6
DA:20,6
DA:21,6
DA:22,6
DA:23,3
DA:24,3
BRDA:17,95,1,6
BRDA:17,95,0,3
LF:13
LH:13
BRF:2
BRH:2
FNF:1
FNH:1
end_of_record
SF:C:\Nikiforov\dev\CodeWars\csharp\src\kyu6\BuildPileOfCubes.cs
FN:8,System.Int64 CodeWars.Kyu6.BuildPileOfCubes.ASum::findNb(System.Int64)
FNDA:4,System.Int64 CodeWars.Kyu6.BuildPileOfCubes.ASum::findNb(System.Int64)
DA:9,4
DA:10,8
DA:11,54276
DA:12,4
DA:13,4
BRDA:11,29,1,13568
BRDA:11,29,0,4
BRDA:12,33,0,1
BRDA:12,33,1,3
FN:14,System.Int64 CodeWars.Kyu6.BuildPileOfCubes.ASum::GenerateSumOfCubesCachedFor(System.Int64)
FNDA:18390,System.Int64 CodeWars.Kyu6.BuildPileOfCubes.ASum::GenerateSumOfCubesCachedFor(System.Int64)
DA:15,18390
DA:16,18390
DA:17,23212
DA:18,4822
DA:19,4822
DA:20,18390
DA:21,18390
BRDA:17,22,0,4822
BRDA:17,22,1,18390
FN:3,System.Void CodeWars.Kyu6.BuildPileOfCubes.ASum::.cctor()
FNDA:1,System.Void CodeWars.Kyu6.BuildPileOfCubes.ASum::.cctor()
DA:4,1
DA:5,1
DA:6,1
DA:7,1
LF:16
LH:16
BRF:6
BRH:6
FNF:3
FNH:3
end_of_record
SF:C:\Nikiforov\dev\CodeWars\csharp\src\kyu7\FizzBuzz.cs
FN:11,System.String[] CodeWars.Kyu7.FizzBuzz.FizzBuzz::GetFizzBuzzArray(System.Int32)
FNDA:5,System.String[] CodeWars.Kyu7.FizzBuzz.FizzBuzz::GetFizzBuzzArray(System.Int32)
DA:12,5
DA:13,5
DA:14,5
DA:15,5
DA:16,5
DA:17,5
DA:18,6
DA:19,4
DA:20,4
DA:21,28
DA:22,28
DA:23,28
DA:24,28
DA:25,4
DA:26,4
BRDA:18,50,0,1
BRDA:18,50,1,4
BRDA:21,35,0,23
BRDA:21,55,0,17
BRDA:21,75,0,14
BRDA:21,75,1,3
BRDA:21,55,1,6
BRDA:21,35,1,1
LF:15
LH:15
BRF:8
BRH:8
FNF:1
FNH:1
end_of_record